This is pdfTeX, Version 3.141592653-2.6-1.40.22 (TeX Live 2021) (preloaded format=pdflatex 2021.5.31)  12 JUL 2021 00:34
entering extended mode
 restricted \write18 enabled.
 file:line:error style messages enabled.
 %&-line parsing enabled.
**thesis.tex
(./thesis.tex
LaTeX2e <2020-10-01> patch level 4
L3 programming layer <2021-02-18> (./style/postech-ucs.cls

LaTeX Warning: You have requested document class `style/postech-ucs',
               but the document class provides `postech-ucs'.

Document Class: postech-ucs 
(/usr/local/texlive/2021/texmf-dist/tex/latex/base/report.cls
Document Class: report 2020/04/10 v1.4m Standard LaTeX document class
(/usr/local/texlive/2021/texmf-dist/tex/latex/base/size11.clo
File: size11.clo 2020/04/10 v1.4m Standard LaTeX file (size option)
)
\c@part=\count179
\c@chapter=\count180
\c@section=\count181
\c@subsection=\count182
\c@subsubsection=\count183
\c@paragraph=\count184
\c@subparagraph=\count185
\c@figure=\count186
\c@table=\count187
\abovecaptionskip=\skip47
\belowcaptionskip=\skip48
\bibindent=\dimen138
)
(/usr/local/texlive/2021/texmf-dist/tex/latex/tools/indentfirst.sty
Package: indentfirst 1995/11/23 v1.03 Indent first paragraph (DPC)
)
(/usr/local/texlive/2021/texmf-dist/tex/latex/refcount/refcount.sty
Package: refcount 2019/12/15 v3.6 Data extraction from label references (HO)

(/usr/local/texlive/2021/texmf-dist/tex/generic/ltxcmds/ltxcmds.sty
Package: ltxcmds 2020-05-10 v1.25 LaTeX kernel commands for general use (HO)
)
(/usr/local/texlive/2021/texmf-dist/tex/generic/infwarerr/infwarerr.sty
Package: infwarerr 2019/12/03 v1.5 Providing info/warning/error messages (HO)
))
(/usr/local/texlive/2021/texmf-dist/tex/latex/zref/zref.sty
Package: zref 2020-07-03 v2.32 A new reference scheme for LaTeX (HO)

(/usr/local/texlive/2021/texmf-dist/tex/latex/zref/zref-base.sty
Package: zref-base 2020-07-03 v2.32 Module base for zref (HO)

(/usr/local/texlive/2021/texmf-dist/tex/generic/kvsetkeys/kvsetkeys.sty
Package: kvsetkeys 2019/12/15 v1.18 Key value parser (HO)
)
(/usr/local/texlive/2021/texmf-dist/tex/generic/kvdefinekeys/kvdefinekeys.sty
Package: kvdefinekeys 2019-12-19 v1.6 Define keys (HO)
)
(/usr/local/texlive/2021/texmf-dist/tex/generic/pdftexcmds/pdftexcmds.sty
Package: pdftexcmds 2020-06-27 v0.33 Utility functions of pdfTeX for LuaTeX (HO
)

(/usr/local/texlive/2021/texmf-dist/tex/generic/iftex/iftex.sty
Package: iftex 2020/03/06 v1.0d TeX engine tests
)
Package pdftexcmds Info: \pdf@primitive is available.
Package pdftexcmds Info: \pdf@ifprimitive is available.
Package pdftexcmds Info: \pdfdraftmode found.
)
(/usr/local/texlive/2021/texmf-dist/tex/generic/etexcmds/etexcmds.sty
Package: etexcmds 2019/12/15 v1.7 Avoid name clashes with e-TeX commands (HO)
)
(/usr/local/texlive/2021/texmf-dist/tex/latex/auxhook/auxhook.sty
Package: auxhook 2019-12-17 v1.6 Hooks for auxiliary files (HO)
)
Package zref Info: New property list: main on input line 764.
Package zref Info: New property: default on input line 765.
Package zref Info: New property: page on input line 766.
))
(/usr/local/texlive/2021/texmf-dist/tex/latex/zref/zref-counter.sty
Package: zref-counter 2020-07-03 v2.32 Module counter for zref (HO)
Package zref Info: New property: counter on input line 73.
)
(/usr/local/texlive/2021/texmf-dist/tex/latex/zref/zref-dotfill.sty
Package: zref-dotfill 2020-07-03 v2.32 Module dotfill for zref (HO)

(/usr/local/texlive/2021/texmf-dist/tex/latex/zref/zref-savepos.sty
Package: zref-savepos 2020-07-03 v2.32 Module savepos for zref (HO)
Package zref Info: New property list: savepos on input line 80.
Package zref Info: New property: posx on input line 82.
Package zref Info: New property: posy on input line 83.
)
\c@zref@unique=\count188

(/usr/local/texlive/2021/texmf-dist/tex/latex/graphics/keyval.sty
Package: keyval 2014/10/28 v1.15 key=value parser (DPC)
\KV@toks@=\toks15
))
(/usr/local/texlive/2021/texmf-dist/tex/latex/zref/zref-titleref.sty
Package: zref-titleref 2020-07-03 v2.32 Module titleref for zref (HO)

(/usr/local/texlive/2021/texmf-dist/tex/generic/gettitlestring/gettitlestring.s
ty
Package: gettitlestring 2019/12/15 v1.6 Cleanup title references (HO)
 (/usr/local/texlive/2021/texmf-dist/tex/latex/kvoptions/kvoptions.sty
Package: kvoptions 2020-10-07 v3.14 Key value format for package options (HO)
))
Package zref Info: New property: title on input line 59.
)
(/usr/local/texlive/2021/texmf-dist/tex/latex/zref/zref-totpages.sty
Package: zref-totpages 2020-07-03 v2.32 Module totpages for zref (HO)

(/usr/local/texlive/2021/texmf-dist/tex/latex/zref/zref-abspage.sty
Package: zref-abspage 2020-07-03 v2.32 Module abspage for zref (HO)

(/usr/local/texlive/2021/texmf-dist/tex/latex/base/atbegshi-ltx.sty
Package: atbegshi-ltx 2020/08/17 v1.0a Emulation of the original atbegshi packa
ge
with kernel methods
)
\c@abspage=\count189
Package zref Info: New property: abspage on input line 66.
)
(/usr/local/texlive/2021/texmf-dist/tex/latex/zref/zref-lastpage.sty
Package: zref-lastpage 2020-07-03 v2.32 Module lastpage for zref (HO)

(/usr/local/texlive/2021/texmf-dist/tex/latex/base/atveryend-ltx.sty
Package: atveryend-ltx 2020/08/19 v1.0a Emulation of the original atvery packag
e
with kernel methods
)
Package zref Info: New property list: LastPage on input line 59.
))
(/usr/local/texlive/2021/texmf-dist/tex/latex/zref/zref-user.sty
Package: zref-user 2020-07-03 v2.32 Module user for zref (HO)
)
(/usr/local/texlive/2021/texmf-dist/tex/latex/base/ifthen.sty
Package: ifthen 2014/09/29 v1.1c Standard LaTeX ifthen package (DPC)
)
(/usr/local/texlive/2021/texmf-dist/tex/latex/kotex-utf/dhucs.sty
Package: dhucs 2012/11/08 v5.3.2 typesetting UTF-8 Korean documents

(/usr/local/texlive/2021/texmf-dist/tex/latex/kotex-utf/kotexutf.sty
Package: kotexutf 2015/07/18 v2.1.1 typesetting UTF-8 Korean documents

(/usr/local/texlive/2021/texmf-dist/tex/latex/base/inputenc.sty
Package: inputenc 2020/08/01 v1.3d Input encoding file
\inpenc@prehook=\toks16
\inpenc@posthook=\toks17
)
(/usr/local/texlive/2021/texmf-dist/tex/plain/kotex-plain/kotexutf-core.tex
\unih@ngulpoint=\count190
\dhucs@emph@raise=\dimen139
)
Now handling font encoding LUC ...
... processing UTF-8 mapping file for font encoding LUC

(/usr/local/texlive/2021/texmf-dist/tex/latex/kotex-utf/lucenc.dfu
File: lucenc.dfu 2007/09/05 UTF-8 support for dhucs
   defining Unicode char U+00B7 (decimal 183)
   defining Unicode char U+2018 (decimal 8216)
   defining Unicode char U+2019 (decimal 8217)
   defining Unicode char U+201C (decimal 8220)
   defining Unicode char U+201D (decimal 8221)
   defining Unicode char U+3001 (decimal 12289)
   defining Unicode char U+3002 (decimal 12290)
   defining Unicode char U+3008 (decimal 12296)
   defining Unicode char U+3009 (decimal 12297)
   defining Unicode char U+300A (decimal 12298)
   defining Unicode char U+300B (decimal 12299)
   defining Unicode char U+300C (decimal 12300)
   defining Unicode char U+300D (decimal 12301)
   defining Unicode char U+300E (decimal 12302)
   defining Unicode char U+300F (decimal 12303)
   defining Unicode char U+3010 (decimal 12304)
   defining Unicode char U+3011 (decimal 12305)
   defining Unicode char U+3014 (decimal 12308)
   defining Unicode char U+3015 (decimal 12309)
   defining Unicode char U+3016 (decimal 12310)
   defining Unicode char U+3017 (decimal 12311)
   defining Unicode char U+3018 (decimal 12312)
   defining Unicode char U+3019 (decimal 12313)
   defining Unicode char U+301A (decimal 12314)
   defining Unicode char U+301B (decimal 12315)
   defining Unicode char U+FF01 (decimal 65281)
   defining Unicode char U+FF08 (decimal 65288)
   defining Unicode char U+FF09 (decimal 65289)
   defining Unicode char U+FF0C (decimal 65292)
   defining Unicode char U+FF0E (decimal 65294)
   defining Unicode char U+FF1A (decimal 65306)
   defining Unicode char U+FF1B (decimal 65307)
   defining Unicode char U+FF1C (decimal 65308)
   defining Unicode char U+FF1D (decimal 65309)
   defining Unicode char U+FF1E (decimal 65310)
   defining Unicode char U+FF1F (decimal 65311)
   defining Unicode char U+FF3B (decimal 65339)
   defining Unicode char U+FF3D (decimal 65341)
   defining Unicode char U+FF5B (decimal 65371)
   defining Unicode char U+FF5D (decimal 65373)
   defining Unicode char U+FF61 (decimal 65377)
   defining Unicode char U+FF62 (decimal 65378)
   defining Unicode char U+FF63 (decimal 65379)
   defining Unicode char U+FF64 (decimal 65380)
   defining Unicode char U+FF65 (decimal 65381)
)
\@josa=\count191
\josatoks=\toks18

(/usr/local/texlive/2021/texmf-dist/tex/latex/cjk-ko/kolabels-utf.sty
Package: kolabels-utf 2015/03/20 v1.5 UTF-8 Hangul item labels
)))
(/usr/local/texlive/2021/texmf-dist/tex/generic/iftex/ifpdf.sty
Package: ifpdf 2019/10/25 v3.4 ifpdf legacy package. Use iftex instead.
)
(/usr/local/texlive/2021/texmf-dist/tex/latex/graphics/graphicx.sty
Package: graphicx 2020/09/09 v1.2b Enhanced LaTeX Graphics (DPC,SPQR)

(/usr/local/texlive/2021/texmf-dist/tex/latex/graphics/graphics.sty
Package: graphics 2020/08/30 v1.4c Standard LaTeX Graphics (DPC,SPQR)

(/usr/local/texlive/2021/texmf-dist/tex/latex/graphics/trig.sty
Package: trig 2016/01/03 v1.10 sin cos tan (DPC)
)
(/usr/local/texlive/2021/texmf-dist/tex/latex/graphics-cfg/graphics.cfg
File: graphics.cfg 2016/06/04 v1.11 sample graphics configuration
)
Package graphics Info: Driver file: pdftex.def on input line 105.

(/usr/local/texlive/2021/texmf-dist/tex/latex/graphics-def/pdftex.def
File: pdftex.def 2020/10/05 v1.2a Graphics/color driver for pdftex
))
\Gin@req@height=\dimen140
\Gin@req@width=\dimen141
)
(/usr/local/texlive/2021/texmf-dist/tex/latex/xcolor/xcolor.sty
Package: xcolor 2016/05/11 v2.12 LaTeX color extensions (UK)

(/usr/local/texlive/2021/texmf-dist/tex/latex/graphics-cfg/color.cfg
File: color.cfg 2016/01/02 v1.6 sample color configuration
)
Package xcolor Info: Driver file: pdftex.def on input line 225.
Package xcolor Info: Model `cmy' substituted by `cmy0' on input line 1348.
Package xcolor Info: Model `hsb' substituted by `rgb' on input line 1352.
Package xcolor Info: Model `RGB' extended on input line 1364.
Package xcolor Info: Model `HTML' substituted by `rgb' on input line 1366.
Package xcolor Info: Model `Hsb' substituted by `hsb' on input line 1367.
Package xcolor Info: Model `tHsb' substituted by `hsb' on input line 1368.
Package xcolor Info: Model `HSB' substituted by `hsb' on input line 1369.
Package xcolor Info: Model `Gray' substituted by `gray' on input line 1370.
Package xcolor Info: Model `wave' substituted by `hsb' on input line 1371.
)
(/usr/local/texlive/2021/texmf-dist/tex/latex/hyperref/hyperref.sty
Package: hyperref 2021-02-27 v7.00k Hypertext links for LaTeX

(/usr/local/texlive/2021/texmf-dist/tex/generic/pdfescape/pdfescape.sty
Package: pdfescape 2019/12/09 v1.15 Implements pdfTeX's escape features (HO)
)
(/usr/local/texlive/2021/texmf-dist/tex/latex/hycolor/hycolor.sty
Package: hycolor 2020-01-27 v1.10 Color options for hyperref/bookmark (HO)
)
(/usr/local/texlive/2021/texmf-dist/tex/latex/letltxmacro/letltxmacro.sty
Package: letltxmacro 2019/12/03 v1.6 Let assignment for LaTeX macros (HO)
)
\@linkdim=\dimen142
\Hy@linkcounter=\count192
\Hy@pagecounter=\count193

(/usr/local/texlive/2021/texmf-dist/tex/latex/hyperref/pd1enc.def
File: pd1enc.def 2021-02-27 v7.00k Hyperref: PDFDocEncoding definition (HO)
Now handling font encoding PD1 ...
... no UTF-8 mapping file for font encoding PD1
)
(/usr/local/texlive/2021/texmf-dist/tex/latex/hyperref/hyperref-langpatches.def
File: hyperref-langpatches.def 2021-02-27 v7.00k Hyperref: patches for babel la
nguages
) (/usr/local/texlive/2021/texmf-dist/tex/generic/intcalc/intcalc.sty
Package: intcalc 2019/12/15 v1.3 Expandable calculations with integers (HO)
)
\Hy@SavedSpaceFactor=\count194

(/usr/local/texlive/2021/texmf-dist/tex/latex/hyperref/puenc.def
File: puenc.def 2021-02-27 v7.00k Hyperref: PDF Unicode definition (HO)
Now handling font encoding PU ...
... no UTF-8 mapping file for font encoding PU
)
Package hyperref Info: Option `final' set `true' on input line 4073.
Package hyperref Info: Option `unicode' set `true' on input line 4073.


Package hyperref Warning: Unexpected value for option `pdftex'
(hyperref)                is ignored on input line 4073.

Package hyperref Info: Option `bookmarks' set `true' on input line 4073.
Package hyperref Info: Option `colorlinks' set `true' on input line 4073.
Package hyperref Info: Hyper figures OFF on input line 4192.
Package hyperref Info: Link nesting OFF on input line 4197.
Package hyperref Info: Hyper index ON on input line 4200.
Package hyperref Info: Plain pages OFF on input line 4207.
Package hyperref Info: Backreferencing OFF on input line 4212.
Package hyperref Info: Implicit mode ON; LaTeX internals redefined.
Package hyperref Info: Bookmarks ON on input line 4445.
\c@Hy@tempcnt=\count195
(/usr/local/texlive/2021/texmf-dist/tex/latex/url/url.sty
\Urlmuskip=\muskip16
Package: url 2013/09/16  ver 3.4  Verb mode for urls, etc.
)
LaTeX Info: Redefining \url on input line 4804.
\XeTeXLinkMargin=\dimen143

(/usr/local/texlive/2021/texmf-dist/tex/generic/bitset/bitset.sty
Package: bitset 2019/12/09 v1.3 Handle bit-vector datatype (HO)

(/usr/local/texlive/2021/texmf-dist/tex/generic/bigintcalc/bigintcalc.sty
Package: bigintcalc 2019/12/15 v1.5 Expandable calculations on big integers (HO
)
))
\Fld@menulength=\count196
\Field@Width=\dimen144
\Fld@charsize=\dimen145
Package hyperref Info: Hyper figures OFF on input line 6075.
Package hyperref Info: Link nesting OFF on input line 6080.
Package hyperref Info: Hyper index ON on input line 6083.
Package hyperref Info: backreferencing OFF on input line 6090.
Package hyperref Info: Link coloring ON on input line 6093.
Package hyperref Info: Link coloring with OCG OFF on input line 6100.
Package hyperref Info: PDF/A mode OFF on input line 6105.
LaTeX Info: Redefining \ref on input line 6145.
LaTeX Info: Redefining \pageref on input line 6149.
\Hy@abspage=\count197
\c@Item=\count198
\c@Hfootnote=\count199
)
Package hyperref Info: Driver: hpdftex.

(/usr/local/texlive/2021/texmf-dist/tex/latex/hyperref/hpdftex.def
File: hpdftex.def 2021-02-27 v7.00k Hyperref driver for pdfTeX
\HyAnn@Count=\count266
\Fld@listcount=\count267
\c@bookmark@seq@number=\count268

(/usr/local/texlive/2021/texmf-dist/tex/latex/rerunfilecheck/rerunfilecheck.sty
Package: rerunfilecheck 2019/12/05 v1.9 Rerun checks for auxiliary files (HO)

(/usr/local/texlive/2021/texmf-dist/tex/generic/uniquecounter/uniquecounter.sty
Package: uniquecounter 2019/12/15 v1.4 Provide unlimited unique counter (HO)
)
Package uniquecounter Info: New unique counter `rerunfilecheck' on input line 2
86.
)
\Hy@SectionHShift=\skip49
)
Package hyperref Info: Option `colorlinks' set `true' on input line 111.
 (/usr/local/texlive/2021/texmf-dist/tex/latex/geometry/geometry.sty
Package: geometry 2020/01/02 v5.9 Page Geometry

(/usr/local/texlive/2021/texmf-dist/tex/generic/iftex/ifvtex.sty
Package: ifvtex 2019/10/25 v1.7 ifvtex legacy package. Use iftex instead.
)
\Gm@cnth=\count269
\Gm@cntv=\count270
\c@Gm@tempcnt=\count271
\Gm@bindingoffset=\dimen146
\Gm@wd@mp=\dimen147
\Gm@odd@mp=\dimen148
\Gm@even@mp=\dimen149
\Gm@layoutwidth=\dimen150
\Gm@layoutheight=\dimen151
\Gm@layouthoffset=\dimen152
\Gm@layoutvoffset=\dimen153
\Gm@dimlist=\toks19
)
(/usr/local/texlive/2021/texmf-dist/tex/latex/tools/afterpage.sty
Package: afterpage 2014/10/28 v1.08 After-Page Package (DPC)
\AP@output=\toks20
\AP@partial=\box47
\AP@footins=\box48
)
\c@pagemarker=\count272
\c@itemnum1=\count273
\c@itemnum2=\count274
\c@itemnum3=\count275
)
(/usr/local/texlive/2021/texmf-dist/tex/latex/amsmath/amsmath.sty
Package: amsmath 2020/09/23 v2.17i AMS math features
\@mathmargin=\skip50

For additional information on amsmath, use the `?' option.
(/usr/local/texlive/2021/texmf-dist/tex/latex/amsmath/amstext.sty
Package: amstext 2000/06/29 v2.01 AMS text

(/usr/local/texlive/2021/texmf-dist/tex/latex/amsmath/amsgen.sty
File: amsgen.sty 1999/11/30 v2.0 generic functions
\@emptytoks=\toks21
\ex@=\dimen154
))
(/usr/local/texlive/2021/texmf-dist/tex/latex/amsmath/amsbsy.sty
Package: amsbsy 1999/11/29 v1.2d Bold Symbols
\pmbraise@=\dimen155
)
(/usr/local/texlive/2021/texmf-dist/tex/latex/amsmath/amsopn.sty
Package: amsopn 2016/03/08 v2.02 operator names
)
\inf@bad=\count276
LaTeX Info: Redefining \frac on input line 234.
\uproot@=\count277
\leftroot@=\count278
LaTeX Info: Redefining \overline on input line 399.
\classnum@=\count279
\DOTSCASE@=\count280
LaTeX Info: Redefining \ldots on input line 496.
LaTeX Info: Redefining \dots on input line 499.
LaTeX Info: Redefining \cdots on input line 620.
\Mathstrutbox@=\box49
\strutbox@=\box50
\big@size=\dimen156
LaTeX Font Info:    Redeclaring font encoding OML on input line 743.
LaTeX Font Info:    Redeclaring font encoding OMS on input line 744.
\macc@depth=\count281
\c@MaxMatrixCols=\count282
\dotsspace@=\muskip17
\c@parentequation=\count283
\dspbrk@lvl=\count284
\tag@help=\toks22
\row@=\count285
\column@=\count286
\maxfields@=\count287
\andhelp@=\toks23
\eqnshift@=\dimen157
\alignsep@=\dimen158
\tagshift@=\dimen159
\tagwidth@=\dimen160
\totwidth@=\dimen161
\lineht@=\dimen162
\@envbody=\toks24
\multlinegap=\skip51
\multlinetaggap=\skip52
\mathdisplay@stack=\toks25
LaTeX Info: Redefining \[ on input line 2923.
LaTeX Info: Redefining \] on input line 2924.
)
(/usr/local/texlive/2021/texmf-dist/tex/latex/enumitem/enumitem.sty
Package: enumitem 2019/06/20 v3.9 Customized lists
\labelindent=\skip53
\enit@outerparindent=\dimen163
\enit@toks=\toks26
\enit@inbox=\box51
\enit@count@id=\count288
\enitdp@description=\count289
)
(/usr/local/texlive/2021/texmf-dist/tex/latex/algorithms/algorithm.sty
Package: algorithm 2009/08/24 v0.1 Document Style `algorithm' - floating enviro
nment

(/usr/local/texlive/2021/texmf-dist/tex/latex/float/float.sty
Package: float 2001/11/08 v1.3d Float enhancements (AL)
\c@float@type=\count290
\float@exts=\toks27
\float@box=\box52
\@float@everytoks=\toks28
\@floatcapt=\box53
)
\@float@every@algorithm=\toks29
\c@algorithm=\count291
)
(/usr/local/texlive/2021/texmf-dist/tex/latex/algorithmicx/algpseudocode.sty
Package: algpseudocode 

(/usr/local/texlive/2021/texmf-dist/tex/latex/algorithmicx/algorithmicx.sty
Package: algorithmicx 2005/04/27 v1.2 Algorithmicx

Document Style algorithmicx 1.2 - a greatly improved `algorithmic' style
\c@ALG@line=\count292
\c@ALG@rem=\count293
\c@ALG@nested=\count294
\ALG@tlm=\skip54
\ALG@thistlm=\skip55
\c@ALG@Lnr=\count295
\c@ALG@blocknr=\count296
\c@ALG@storecount=\count297
\c@ALG@tmpcounter=\count298
\ALG@tmplength=\skip56
)
Document Style - pseudocode environments for use with the `algorithmicx' style
) (/usr/local/texlive/2021/texmf-dist/tex/latex/comment/comment.sty
\CommentStream=\write3

Excluding comment 'comment')
(/usr/local/texlive/2021/texmf-dist/tex/latex/physics/physics.sty
Package: physics 

(/usr/local/texlive/2021/texmf-dist/tex/latex/l3packages/xparse/xparse.sty
(/usr/local/texlive/2021/texmf-dist/tex/latex/l3kernel/expl3.sty
Package: expl3 2021-02-18 L3 programming layer (loader) 

(/usr/local/texlive/2021/texmf-dist/tex/latex/l3backend/l3backend-pdftex.def
File: l3backend-pdftex.def 2021-03-18 L3 backend support: PDF output (pdfTeX)
\l__color_backend_stack_int=\count299
\l__pdf_internal_box=\box54
))
(/usr/local/texlive/2021/texmf-dist/tex/latex/l3packages/xparse/xparse-2020-10-
01.sty
(/usr/local/texlive/2021/texmf-dist/tex/latex/l3packages/xparse/xparse-generic.
tex))))
(/usr/local/texlive/2021/texmf-dist/tex/latex/anyfontsize/anyfontsize.sty
Package: anyfontsize 2007/11/22 anyfontsize.sty by pts
)
(/usr/local/texlive/2021/texmf-dist/tex/latex/lipsum/lipsum.sty
Package: lipsum 2021-03-03 v2.3 150 paragraphs of Lorem Ipsum dummy text

(/usr/local/texlive/2021/texmf-dist/tex/latex/lipsum/lipsum.ltd.tex
File: lipsum.ltd.tex 2021-03-03 v2.3 The Lorem ipsum dummy text
))
(/usr/local/texlive/2021/texmf-dist/tex/latex/caption/caption.sty
Package: caption 2020/10/26 v3.5g Customizing captions (AR)

(/usr/local/texlive/2021/texmf-dist/tex/latex/caption/caption3.sty
Package: caption3 2020/10/21 v2.2e caption3 kernel (AR)
\captionmargin=\dimen164
\captionmargin@=\dimen165
\captionwidth=\dimen166
\caption@tempdima=\dimen167
\caption@indent=\dimen168
\caption@parindent=\dimen169
\caption@hangindent=\dimen170
Package caption Info: Standard document class detected.
)
\c@caption@flags=\count300
\c@continuedfloat=\count301
Package caption Info: float package is loaded.
Package caption Info: hyperref package is loaded.
)
(/usr/local/texlive/2021/texmf-dist/tex/latex/cite/cite.sty
LaTeX Info: Redefining \cite on input line 302.
LaTeX Info: Redefining \nocite on input line 332.
Package: cite 2015/02/27  v 5.5
)
(/usr/local/texlive/2021/texmf-dist/tex/latex/titlesec/titletoc.sty
Package: titletoc 2019/10/16 v2.13 TOC entries
\ttl@leftsep=\dimen171
)
(/usr/local/texlive/2021/texmf-dist/tex/latex/appendix/appendix.sty
Package: appendix 2020/02/08 v1.2c extra appendix facilities
\c@@pps=\count302
\c@@ppsavesec=\count303
\c@@ppsaveapp=\count304
)
(/usr/local/texlive/2021/texmf-dist/tex/latex/fancyvrb/fancyvrb.sty
Package: fancyvrb 2021/01/20 v3.7 verbatim text (tvz,hv)
\FV@CodeLineNo=\count305
\FV@InFile=\read2
\FV@TabBox=\box55
\c@FancyVerbLine=\count306
\FV@StepNumber=\count307
\FV@OutFile=\write4
)
(/usr/local/texlive/2021/texmf-dist/tex/latex/tablefootnote/tablefootnote.sty
Package: tablefootnote 2014/01/26 v1.1c Table foot notes (HMM)

(/usr/local/texlive/2021/texmf-dist/tex/latex/xifthen/xifthen.sty
Package: xifthen 2015/11/05 v1.4.0 Extended ifthen features

(/usr/local/texlive/2021/texmf-dist/tex/latex/tools/calc.sty
Package: calc 2017/05/25 v4.3 Infix arithmetic (KKT,FJ)
\calc@Acount=\count308
\calc@Bcount=\count309
\calc@Adimen=\dimen172
\calc@Bdimen=\dimen173
\calc@Askip=\skip57
\calc@Bskip=\skip58
LaTeX Info: Redefining \setlength on input line 80.
LaTeX Info: Redefining \addtolength on input line 81.
\calc@Ccount=\count310
\calc@Cskip=\skip59
)
(/usr/local/texlive/2021/texmf-dist/tex/latex/ifmtarg/ifmtarg.sty
Package: ifmtarg 2018/04/16 v1.2b check for an empty argument
))
(/usr/local/texlive/2021/texmf-dist/tex/latex/etoolbox/etoolbox.sty
Package: etoolbox 2020/10/05 v2.5k e-TeX tools for LaTeX (JAW)
\etb@tempcnta=\count311
))
(/usr/local/texlive/2021/texmf-dist/tex/latex/tools/array.sty
Package: array 2020/10/01 v2.5c Tabular extension package (FMi)
\col@sep=\dimen174
\ar@mcellbox=\box56
\extrarowheight=\dimen175
\NC@list=\toks30
\extratabsurround=\skip60
\backup@length=\skip61
\ar@cellbox=\box57
)
LaTeX Font Info:    Trying to load font information for OT1+ptm on input line 1
07.

(/usr/local/texlive/2021/texmf-dist/tex/latex/psnfss/ot1ptm.fd
File: ot1ptm.fd 2001/06/04 font definitions for OT1/ptm.
) (./thesis.aux)
\openout1 = `thesis.aux'.

LaTeX Font Info:    Checking defaults for OML/cmm/m/it on input line 107.
LaTeX Font Info:    ... okay on input line 107.
LaTeX Font Info:    Checking defaults for OMS/cmsy/m/n on input line 107.
LaTeX Font Info:    ... okay on input line 107.
LaTeX Font Info:    Checking defaults for OT1/cmr/m/n on input line 107.
LaTeX Font Info:    ... okay on input line 107.
LaTeX Font Info:    Checking defaults for T1/cmr/m/n on input line 107.
LaTeX Font Info:    ... okay on input line 107.
LaTeX Font Info:    Checking defaults for TS1/cmr/m/n on input line 107.
LaTeX Font Info:    ... okay on input line 107.
LaTeX Font Info:    Checking defaults for OMX/cmex/m/n on input line 107.
LaTeX Font Info:    ... okay on input line 107.
LaTeX Font Info:    Checking defaults for U/cmr/m/n on input line 107.
LaTeX Font Info:    ... okay on input line 107.
LaTeX Font Info:    Checking defaults for LUC/nanummj/m/n on input line 107.
LaTeX Font Info:    Trying to load font information for LUC+nanummj on input li
ne 107.

(/usr/local/texlive/2021/texmf-dist/tex/latex/nanumtype1/lucnanummj.fd
File: lucnanummj.fd 2013/02/12 v0.1 Nanum Myeongjo font definitions
)
LaTeX Font Info:    ... okay on input line 107.
LaTeX Font Info:    Checking defaults for PD1/pdf/m/n on input line 107.
LaTeX Font Info:    ... okay on input line 107.
LaTeX Font Info:    Checking defaults for PU/pdf/m/n on input line 107.
LaTeX Font Info:    ... okay on input line 107.

(/usr/local/texlive/2021/texmf-dist/tex/context/base/mkii/supp-pdf.mkii
[Loading MPS to PDF converter (version 2006.09.02).]
\scratchcounter=\count312
\scratchdimen=\dimen176
\scratchbox=\box58
\nofMPsegments=\count313
\nofMParguments=\count314
\everyMPshowfont=\toks31
\MPscratchCnt=\count315
\MPscratchDim=\dimen177
\MPnumerator=\count316
\makeMPintoPDFobject=\count317
\everyMPtoPDFconversion=\toks32
) (/usr/local/texlive/2021/texmf-dist/tex/latex/epstopdf-pkg/epstopdf-base.sty
Package: epstopdf-base 2020-01-24 v2.11 Base part for package epstopdf
Package epstopdf-base Info: Redefining graphics rule for `.eps' on input line 4
85.

(/usr/local/texlive/2021/texmf-dist/tex/latex/latexconfig/epstopdf-sys.cfg
File: epstopdf-sys.cfg 2010/07/13 v1.3 Configuration of (r)epstopdf for TeX Liv
e
))
Package hyperref Info: Link coloring ON on input line 107.

(/usr/local/texlive/2021/texmf-dist/tex/latex/hyperref/nameref.sty
Package: nameref 2021-04-02 v2.47 Cross-referencing by name of section
\c@section@level=\count318
)
LaTeX Info: Redefining \ref on input line 107.
LaTeX Info: Redefining \pageref on input line 107.
LaTeX Info: Redefining \nameref on input line 107.

(./thesis.out) (./thesis.out)
\@outlinefile=\write5
\openout5 = `thesis.out'.

 [1

{/usr/local/texlive/2021/texmf-var/fonts/map/pdftex/updmap/pdftex.map}] [2]
(/usr/local/texlive/2021/texmf-dist/tex/latex/pdfpages/pdfpages.sty
Package: pdfpages 2021/03/06 v0.5t Insert pages of external PDF documents (AM)

(/usr/local/texlive/2021/texmf-dist/tex/latex/eso-pic/eso-pic.sty
Package: eso-pic 2020/10/14 v3.0a eso-pic (RN)
\ESO@tempdima=\dimen178
\ESO@tempdimb=\dimen179
)
\AM@pagewidth=\dimen180
\AM@pageheight=\dimen181
\AM@fboxrule=\dimen182

(/usr/local/texlive/2021/texmf-dist/tex/latex/pdfpages/pppdftex.def
File: pppdftex.def 2021/03/06 v0.5t Pdfpages driver for pdfTeX (AM)
)
(/usr/local/texlive/2021/texmf-dist/tex/latex/pdflscape/pdflscape.sty
Package: pdflscape 2019/12/05 v0.12 Display of landscape pages in PDF (HO)

(/usr/local/texlive/2021/texmf-dist/tex/latex/graphics/lscape.sty
Package: lscape 2020/05/28 v3.02 Landscape Pages (DPC)
)
Package pdflscape Info: Auto-detected driver: pdftex on input line 81.
)
\pdfpages@includegraphics@status=\count319
\AM@pagebox=\box59
\AM@global@opts=\toks33
\AM@pagecnt=\count320
\AM@toc@title=\toks34
\c@AM@survey=\count321
\AM@templatesizebox=\box60
)

pdfTeX warning: /Library/TeX/texbin/pdflatex (file ./frontmatter/certificate.pd
f): PDF inclusion: found PDF version <1.7>, but at most version <1.5> allowed
<frontmatter/certificate.pdf, id=166, 517.6941pt x 730.89058pt>
File: frontmatter/certificate.pdf Graphic file (type pdf)
<use frontmatter/certificate.pdf>
Package pdftex.def Info: frontmatter/certificate.pdf  used on input line 107.
(pdftex.def)             Requested size: 517.69283pt x 730.8888pt.


pdfTeX warning: /Library/TeX/texbin/pdflatex (file ./frontmatter/certificate.pd
f): PDF inclusion: found PDF version <1.7>, but at most version <1.5> allowed
File: frontmatter/certificate.pdf Graphic file (type pdf)
<use frontmatter/certificate.pdf>
Package pdftex.def Info: frontmatter/certificate.pdf  used on input line 107.
(pdftex.def)             Requested size: 517.69283pt x 730.8888pt.


pdfTeX warning: /Library/TeX/texbin/pdflatex (file ./frontmatter/certificate.pd
f): PDF inclusion: found PDF version <1.7>, but at most version <1.5> allowed


pdfTeX warning: /Library/TeX/texbin/pdflatex (file ./frontmatter/certificate.pd
f): PDF inclusion: found PDF version <1.7>, but at most version <1.5> allowed
<frontmatter/certificate.pdf, id=169, page=1, 517.6941pt x 730.89058pt>
File: frontmatter/certificate.pdf Graphic file (type pdf)
<use frontmatter/certificate.pdf, page 1>
Package pdftex.def Info: frontmatter/certificate.pdf , page1 used on input line
 107.
(pdftex.def)             Requested size: 517.69283pt x 730.8888pt.
File: frontmatter/certificate.pdf Graphic file (type pdf)
<use frontmatter/certificate.pdf, page 1>
Package pdftex.def Info: frontmatter/certificate.pdf , page1 used on input line
 107.
(pdftex.def)             Requested size: 518.53015pt x 732.07095pt.
File: frontmatter/certificate.pdf Graphic file (type pdf)
<use frontmatter/certificate.pdf, page 1>
Package pdftex.def Info: frontmatter/certificate.pdf , page1 used on input line
 107.
(pdftex.def)             Requested size: 518.53015pt x 732.07095pt.
File: frontmatter/certificate.pdf Graphic file (type pdf)
<use frontmatter/certificate.pdf, page 1>
Package pdftex.def Info: frontmatter/certificate.pdf , page1 used on input line
 107.
(pdftex.def)             Requested size: 518.53015pt x 732.07095pt.
File: frontmatter/certificate.pdf Graphic file (type pdf)
<use frontmatter/certificate.pdf, page 1>
Package pdftex.def Info: frontmatter/certificate.pdf , page1 used on input line
 107.
(pdftex.def)             Requested size: 518.53015pt x 732.07095pt.
[3 <./frontmatter/certificate.pdf>]

pdfTeX warning: /Library/TeX/texbin/pdflatex (file ./frontmatter/certificate.pd
f): PDF inclusion: found PDF version <1.7>, but at most version <1.5> allowed
<frontmatter/certificate.pdf, id=181, page=2, 517.6941pt x 730.89058pt>
File: frontmatter/certificate.pdf Graphic file (type pdf)
<use frontmatter/certificate.pdf, page 2>
Package pdftex.def Info: frontmatter/certificate.pdf , page2 used on input line
 107.
(pdftex.def)             Requested size: 518.53015pt x 732.07095pt.
File: frontmatter/certificate.pdf Graphic file (type pdf)
<use frontmatter/certificate.pdf, page 2>
Package pdftex.def Info: frontmatter/certificate.pdf , page2 used on input line
 107.
(pdftex.def)             Requested size: 518.53015pt x 732.07095pt.
File: frontmatter/certificate.pdf Graphic file (type pdf)
<use frontmatter/certificate.pdf, page 2>
Package pdftex.def Info: frontmatter/certificate.pdf , page2 used on input line
 107.
(pdftex.def)             Requested size: 518.53015pt x 732.07095pt.
[4 <./frontmatter/certificate.pdf>]
*geometry* driver: auto-detecting
*geometry* detected driver: pdftex
*geometry* verbose mode - [ preamble ] result:
* driver: pdftex
* paper: custom
* layout: <same size as paper>
* layoutoffset:(h,v)=(0.0pt,0.0pt)
* modes: 
* h-part:(L,W,R)=(71.13188pt, 375.57639pt, 71.13188pt)
* v-part:(T,H,B)=(99.58464pt, 546.29292pt, 85.35826pt)
* \paperwidth=517.84015pt
* \paperheight=731.23582pt
* \textwidth=375.57639pt
* \textheight=546.29292pt
* \oddsidemargin=-1.1381pt
* \evensidemargin=-1.1381pt
* \topmargin=-9.68535pt
* \headheight=12.0pt
* \headsep=25.0pt
* \topskip=11.0pt
* \footskip=30.0pt
* \marginparwidth=59.0pt
* \marginparsep=10.0pt
* \columnsep=10.0pt
* \skip\footins=10.0pt plus 4.0pt minus 2.0pt
* \hoffset=0.0pt
* \voffset=0.0pt
* \mag=1000
* \@twocolumnfalse
* \@twosidefalse
* \@mparswitchfalse
* \@reversemarginfalse
* (1in=72.27pt=25.4mm, 1cm=28.453pt)

Package caption Info: Begin \AtBeginDocument code.
Package caption Info: End \AtBeginDocument code.
\@thesisinfowidth=\skip62

Underfull \hbox (badness 10000) in paragraph at lines 111--111

 []

(./chapters/abstract.tex [1]) [2] (./thesis.toc [3

])
\tf@toc=\write6
\openout6 = `thesis.toc'.

 [4]
(./chapters/chapter1.tex
Chapter I.

Overfull \hbox (5.35893pt too wide) in paragraph at lines 7--8
[]\OT1/ptm/m/n/10.95 Plasma is a macro-scop-i-cally quasi-neutral fluid com-pos
ed of partly or fully charged
 []

<figures/ch1/taxonomy/taxonomy.pdf, id=252, 569.12625pt x 564.1075pt>
File: figures/ch1/taxonomy/taxonomy.pdf Graphic file (type pdf)
<use figures/ch1/taxonomy/taxonomy.pdf>
Package pdftex.def Info: figures/ch1/taxonomy/taxonomy.pdf  used on input line 
13.
(pdftex.def)             Requested size: 284.52756pt x 282.02722pt.
pdfTeX warning (ext4): destination with the same identifier (name{page.1}) has 
been already used, duplicate ignored
<to be read again> 
                   \relax 
l.19 
      [1

]pdfTeX warning (ext4): destination with the same identifier (name{page.2}) has
 been already used, duplicate ignored
<to be read again> 
                   \relax 
l.19 
      [2 <./figures/ch1/taxonomy/taxonomy.pdf>]pdfTeX warning (ext4): destinati
on with the same identifier (name{page.3}) has been already used, duplicate ign
ored
<to be read again> 
                   \relax 
l.23 
      [3]pdfTeX warning (ext4): destination with the same identifier (name{page
.4}) has been already used, duplicate ignored
<to be read again> 
                   \relax 
l.29 
      [4] [5]
Underfull \hbox (badness 10000) in paragraph at lines 36--37

 []

[6]
LaTeX Font Info:    Trying to load font information for TS1+ptm on input line 4
0.
 (/usr/local/texlive/2021/texmf-dist/tex/latex/psnfss/ts1ptm.fd
File: ts1ptm.fd 2001/06/04 font definitions for TS1/ptm.
))
(./chapters/chapter2.tex [7]
Chapter II.
[8

] [9] [10]

pdfTeX warning: /Library/TeX/texbin/pdflatex (file ./figures/ch2/setup/render.p
df): PDF inclusion: found PDF version <1.7>, but at most version <1.5> allowed
<figures/ch2/setup/render.pdf, id=508, 739.80388pt x 569.24669pt>
File: figures/ch2/setup/render.pdf Graphic file (type pdf)
<use figures/ch2/setup/render.pdf>
Package pdftex.def Info: figures/ch2/setup/render.pdf  used on input line 33.
(pdftex.def)             Requested size: 369.88582pt x 284.61395pt.
<figures/ch2/phaseDiag/phaseDiag.pdf, id=511, 569.12625pt x 609.27625pt>
File: figures/ch2/phaseDiag/phaseDiag.pdf Graphic file (type pdf)
<use figures/ch2/phaseDiag/phaseDiag.pdf>
Package pdftex.def Info: figures/ch2/phaseDiag/phaseDiag.pdf  used on input lin
e 40.
(pdftex.def)             Requested size: 284.52756pt x 304.60948pt.
LaTeX Font Info:    Trying to load font information for LUC+nanumgt on input li
ne 41.
(/usr/local/texlive/2021/texmf-dist/tex/latex/nanumtype1/lucnanumgt.fd
File: lucnanumgt.fd 2013/02/12 v0.1 Nanum Gothic font definitions
)
Missing character: There is no Á in font cmr10!
Missing character: There is no Á in font cmr10!
<figures/ch2/droplet/imgProcess.pdf, id=514, 533.995pt x 460.72125pt>
File: figures/ch2/droplet/imgProcess.pdf Graphic file (type pdf)
<use figures/ch2/droplet/imgProcess.pdf>
Package pdftex.def Info: figures/ch2/droplet/imgProcess.pdf  used on input line
 47.
(pdftex.def)             Requested size: 369.88582pt x 319.14232pt.

[11] [12 <./figures/ch2/setup/render.pdf>] [13 <./figures/ch2/phaseDiag/phaseDi
ag.pdf>] [14 <./figures/ch2/droplet/imgProcess.pdf>]
<figures/ch2/comsol/comsolSolenoid.pdf, id=662, 532.99126pt x 405.515pt>
File: figures/ch2/comsol/comsolSolenoid.pdf Graphic file (type pdf)
<use figures/ch2/comsol/comsolSolenoid.pdf>
Package pdftex.def Info: figures/ch2/comsol/comsolSolenoid.pdf  used on input l
ine 68.
(pdftex.def)             Requested size: 369.88582pt x 281.4268pt.
<figures/ch2/comsol/comsolCompressor.pdf, id=663, 532.99126pt x 414.54875pt>
File: figures/ch2/comsol/comsolCompressor.pdf Graphic file (type pdf)
<use figures/ch2/comsol/comsolCompressor.pdf>
Package pdftex.def Info: figures/ch2/comsol/comsolCompressor.pdf  used on input
 line 75.
(pdftex.def)             Requested size: 369.88582pt x 287.69621pt.
 [15 <./figures/ch2/comsol/comsolSolenoid.pdf>]
LaTeX Font Info:    Trying to load font information for LUC+uhcmj on input line
 82.

(/usr/local/texlive/2021/texmf-dist/tex/latex/kotex-utf/lucuhcmj.fd
File: lucuhcmj.fd 2013/09/26 UHC Myeongjo font definitions
) [16 <./figures/ch2/comsol/comsolCompressor.pdf>]
<figures/ch2/droplet/numdens.pdf, id=761, 410.53375pt x 385.44pt>
File: figures/ch2/droplet/numdens.pdf Graphic file (type pdf)
<use figures/ch2/droplet/numdens.pdf>
Package pdftex.def Info: figures/ch2/droplet/numdens.pdf  used on input line 98
.
(pdftex.def)             Requested size: 284.52756pt x 267.13603pt.
 [17] [18 <./figures/ch2/droplet/numdens.pdf>]
<figures/ch2/droplet/evaporation.pdf, id=841, 410.53375pt x 385.44pt>
File: figures/ch2/droplet/evaporation.pdf Graphic file (type pdf)
<use figures/ch2/droplet/evaporation.pdf>
Package pdftex.def Info: figures/ch2/droplet/evaporation.pdf  used on input lin
e 111.
(pdftex.def)             Requested size: 284.52756pt x 267.13603pt.
<figures/ch2/cluster/opacity.pdf, id=844, 533.995pt x 460.72125pt>
File: figures/ch2/cluster/opacity.pdf Graphic file (type pdf)
<use figures/ch2/cluster/opacity.pdf>
Package pdftex.def Info: figures/ch2/cluster/opacity.pdf  used on input line 12
4.
(pdftex.def)             Requested size: 369.88582pt x 319.14232pt.
 [19] [20 <./figures/ch2/droplet/evaporation.pdf>] [21 <./figures/ch2/cluster/o
pacity.pdf>] [22]
<figures/ch2/Brownian/size.pdf, id=1015, 410.53375pt x 459.7175pt>
File: figures/ch2/Brownian/size.pdf Graphic file (type pdf)
<use figures/ch2/Brownian/size.pdf>
Package pdftex.def Info: figures/ch2/Brownian/size.pdf  used on input line 157.

(pdftex.def)             Requested size: 284.52756pt x 318.61537pt.
 [23] [24 <./figures/ch2/Brownian/size.pdf>] [25]
[26]
<figures/ch2/Brownian/distributionEffect.pdf, id=1091, 410.53375pt x 453.695pt>

File: figures/ch2/Brownian/distributionEffect.pdf Graphic file (type pdf)
<use figures/ch2/Brownian/distributionEffect.pdf>
Package pdftex.def Info: figures/ch2/Brownian/distributionEffect.pdf  used on i
nput line 203.
(pdftex.def)             Requested size: 284.52756pt x 314.44138pt.
 [27 <./figures/ch2/Brownian/distributionEffect.pdf>] [28]
Overfull \hbox (7.373pt too wide) in paragraph at lines 241--242
\OT1/ptm/m/n/10.95 pears to con-tra-dict the trend of the droplet life-time (th
e evap-o-ra-tion timescale) (Fig.[][]2.7[][]a).
 []



pdfTeX warning: /Library/TeX/texbin/pdflatex (file ./figures/ch2/transport/evap
oration.pdf): PDF inclusion: found PDF version <1.7>, but at most version <1.5>
 allowed
<figures/ch2/transport/evaporation.pdf, id=1176, 569.24669pt x 426.8748pt>
File: figures/ch2/transport/evaporation.pdf Graphic file (type pdf)
<use figures/ch2/transport/evaporation.pdf>
Package pdftex.def Info: figures/ch2/transport/evaporation.pdf  used on input l
ine 245.
(pdftex.def)             Requested size: 284.52756pt x 213.37173pt.
[29] [30 <./figures/ch2/transport/evaporation.pdf>]) (./chapters/chapter3.tex
[31]
Chapter III.
[32

]
<figures/ch3/Debye/shielding.pdf, id=1242, 410.53375pt x 406.51875pt>
File: figures/ch3/Debye/shielding.pdf Graphic file (type pdf)
<use figures/ch3/Debye/shielding.pdf>
Package pdftex.def Info: figures/ch3/Debye/shielding.pdf  used on input line 32
.
(pdftex.def)             Requested size: 284.52756pt x 281.74503pt.
 [33] [34 <./figures/ch3/Debye/shielding.pdf>] [35] [36]
<figures/ch3/Debye/number.pdf, id=1312, 532.99126pt x 485.815pt>
File: figures/ch3/Debye/number.pdf Graphic file (type pdf)
<use figures/ch3/Debye/number.pdf>
Package pdftex.def Info: figures/ch3/Debye/number.pdf  used on input line 120.
(pdftex.def)             Requested size: 369.88582pt x 337.15489pt.
<figures/ch3/lowering/continuumLowering.pdf, id=1313, 740.7675pt x 296.10625pt>

File: figures/ch3/lowering/continuumLowering.pdf Graphic file (type pdf)
<use figures/ch3/lowering/continuumLowering.pdf>
Package pdftex.def Info: figures/ch3/lowering/continuumLowering.pdf  used on in
put line 127.
(pdftex.def)             Requested size: 369.88582pt x 147.85394pt.
 [37] [38 <./figures/ch3/Debye/number.pdf>]

LaTeX Warning: `!h' float specifier changed to `!ht'.

[39 <./figures/ch3/lowering/continuumLowering.pdf>] [40]
<figures/ch3/modified/modifiedGamma.pdf, id=1453, 370.38374pt x 332.24126pt>
File: figures/ch3/modified/modifiedGamma.pdf Graphic file (type pdf)
<use figures/ch3/modified/modifiedGamma.pdf>
Package pdftex.def Info: figures/ch3/modified/modifiedGamma.pdf  used on input 
line 214.
(pdftex.def)             Requested size: 184.9429pt x 165.89714pt.
 [41] [42 <./figures/ch3/modified/modifiedGamma.pdf>]) (./chapters/chapter4.tex
 [43] [44]
Chapter IV.
[45

]
<figures/ch4/imaging/290gen.pdf, id=1581, 539.01375pt x 442.65375pt>
File: figures/ch4/imaging/290gen.pdf Graphic file (type pdf)
<use figures/ch4/imaging/290gen.pdf>
Package pdftex.def Info: figures/ch4/imaging/290gen.pdf  used on input line 21.

(pdftex.def)             Requested size: 369.88582pt x 303.76308pt.
<figures/ch4/imaging/290SCP.pdf, id=1582, 539.01375pt x 442.65375pt>
File: figures/ch4/imaging/290SCP.pdf Graphic file (type pdf)
<use figures/ch4/imaging/290SCP.pdf>
Package pdftex.def Info: figures/ch4/imaging/290SCP.pdf  used on input line 28.

(pdftex.def)             Requested size: 369.88582pt x 303.76308pt.
<figures/ch4/imaging/290ext.pdf, id=1583, 539.01375pt x 442.65375pt>
File: figures/ch4/imaging/290ext.pdf Graphic file (type pdf)
<use figures/ch4/imaging/290ext.pdf>
Package pdftex.def Info: figures/ch4/imaging/290ext.pdf  used on input line 35.

(pdftex.def)             Requested size: 369.88582pt x 303.76308pt.
<figures/ch4/imaging/700gen.pdf, id=1584, 539.01375pt x 442.65375pt>
File: figures/ch4/imaging/700gen.pdf Graphic file (type pdf)
<use figures/ch4/imaging/700gen.pdf>
Package pdftex.def Info: figures/ch4/imaging/700gen.pdf  used on input line 42.

(pdftex.def)             Requested size: 369.88582pt x 303.76308pt.
<figures/ch4/imaging/700SCP.pdf, id=1585, 539.01375pt x 442.65375pt>
File: figures/ch4/imaging/700SCP.pdf Graphic file (type pdf)
<use figures/ch4/imaging/700SCP.pdf>
Package pdftex.def Info: figures/ch4/imaging/700SCP.pdf  used on input line 49.

(pdftex.def)             Requested size: 369.88582pt x 303.76308pt.
<figures/ch4/imaging/700ext.pdf, id=1586, 539.01375pt x 442.65375pt>
File: figures/ch4/imaging/700ext.pdf Graphic file (type pdf)
<use figures/ch4/imaging/700ext.pdf>
Package pdftex.def Info: figures/ch4/imaging/700ext.pdf  used on input line 56.

(pdftex.def)             Requested size: 369.88582pt x 303.76308pt.
 [46] [47 <./figures/ch4/imaging/290gen.pdf>] [48 <./figures/ch4/imaging/290SCP
.pdf>] [49 <./figures/ch4/imaging/290ext.pdf>]
<figures/ch4/ionization/ionizationWave.pdf, id=1752, 740.7675pt x 296.10625pt>
File: figures/ch4/ionization/ionizationWave.pdf Graphic file (type pdf)
<use figures/ch4/ionization/ionizationWave.pdf>
Package pdftex.def Info: figures/ch4/ionization/ionizationWave.pdf  used on inp
ut line 75.
(pdftex.def)             Requested size: 369.88582pt x 147.85394pt.
 [50 <./figures/ch4/imaging/700gen.pdf>] [51 <./figures/ch4/imaging/700SCP.pdf>
] [52 <./figures/ch4/imaging/700ext.pdf>]
<figures/ch4/blackbody/fit.pdf, id=1912, 740.7675pt x 525.965pt>
File: figures/ch4/blackbody/fit.pdf Graphic file (type pdf)
<use figures/ch4/blackbody/fit.pdf>
Package pdftex.def Info: figures/ch4/blackbody/fit.pdf  used on input line 92.
(pdftex.def)             Requested size: 369.88582pt x 262.62872pt.
<figures/ch4/blackbody/temporal.pdf, id=1913, 410.53375pt x 435.6275pt>
File: figures/ch4/blackbody/temporal.pdf Graphic file (type pdf)
<use figures/ch4/blackbody/temporal.pdf>
Package pdftex.def Info: figures/ch4/blackbody/temporal.pdf  used on input line
 99.
(pdftex.def)             Requested size: 284.52756pt x 301.91937pt.
<figures/ch4/blackbody/radial.pdf, id=1914, 410.53375pt x 435.6275pt>
File: figures/ch4/blackbody/radial.pdf Graphic file (type pdf)
<use figures/ch4/blackbody/radial.pdf>
Package pdftex.def Info: figures/ch4/blackbody/radial.pdf  used on input line 1
06.
(pdftex.def)             Requested size: 284.52756pt x 301.91937pt.
<figures/ch4/blackbody/loss.pdf, id=1915, 370.38374pt x 298.11375pt>
File: figures/ch4/blackbody/loss.pdf Graphic file (type pdf)
<use figures/ch4/blackbody/loss.pdf>
Package pdftex.def Info: figures/ch4/blackbody/loss.pdf  used on input line 113
.
(pdftex.def)             Requested size: 184.9429pt x 148.85635pt.
 [53 <./figures/ch4/ionization/ionizationWave.pdf>] [54 <./figures/ch4/blackbod
y/fit.pdf>] [55 <./figures/ch4/blackbody/temporal.pdf>] [56 <./figures/ch4/blac
kbody/radial.pdf>]
<figures/ch4/Stark/fit.pdf, id=2098, 740.7675pt x 545.03625pt>
File: figures/ch4/Stark/fit.pdf Graphic file (type pdf)
<use figures/ch4/Stark/fit.pdf>
Package pdftex.def Info: figures/ch4/Stark/fit.pdf  used on input line 128.
(pdftex.def)             Requested size: 369.88582pt x 272.15152pt.
 [57 <./figures/ch4/blackbody/loss.pdf>]
<figures/ch4/Stark/density.pdf, id=2144, 569.12625pt x 310.15875pt>
File: figures/ch4/Stark/density.pdf Graphic file (type pdf)
<use figures/ch4/Stark/density.pdf>
Package pdftex.def Info: figures/ch4/Stark/density.pdf  used on input line 135.

(pdftex.def)             Requested size: 284.52756pt x 155.06479pt.
 [58 <./figures/ch4/Stark/fit.pdf>] [59 <./figures/ch4/Stark/density.pdf>]
<figures/ch4/Saha/balance.pdf, id=2253, 569.12625pt x 372.39125pt>
File: figures/ch4/Saha/balance.pdf Graphic file (type pdf)
<use figures/ch4/Saha/balance.pdf>
Package pdftex.def Info: figures/ch4/Saha/balance.pdf  used on input line 164.
(pdftex.def)             Requested size: 284.52756pt x 186.17812pt.
 [60]
Missing character: There is no Ç in font cmr10!
 [61 <./figures/ch4/Saha/balance.pdf>] [62]) (./chapters/chapter5.tex [63]
Chapter V.
[64

]) [65] (./chapters/appendCh1.tex [66]
\rmfamily Appendix A.

Overfull \hbox (1.54985pt too wide) in paragraph at lines 14--31
 [][] 
 []

[67

]) (./chapters/appendCh2.tex [68]
\rmfamily Appendix B.


pdfTeX warning: /Library/TeX/texbin/pdflatex (file ./figures/ap2/system/moduleS
ystem.pdf): PDF inclusion: found PDF version <1.7>, but at most version <1.5> a
llowed
<figures/ap2/system/moduleSystem.pdf, id=2395, 739.80388pt x 370.02242pt>
File: figures/ap2/system/moduleSystem.pdf Graphic file (type pdf)
<use figures/ap2/system/moduleSystem.pdf>
Package pdftex.def Info: figures/ap2/system/moduleSystem.pdf  used on input lin
e 12.
(pdftex.def)             Requested size: 369.88582pt x 185.0051pt.
[69

 <./figures/ap2/system/moduleSystem.pdf>]

LaTeX Warning: `!h' float specifier changed to `!ht'.

[70]
<figures/ap2/leak/leak.pdf, id=2421, 455.7025pt x 529.98pt>
File: figures/ap2/leak/leak.pdf Graphic file (type pdf)
<use figures/ap2/leak/leak.pdf>
Package pdftex.def Info: figures/ap2/leak/leak.pdf  used on input line 71.
(pdftex.def)             Requested size: 227.62204pt x 264.73056pt.
 [71]) (./chapters/appendCh3.tex [72 <./figures/ap2/leak/leak.pdf>]
\rmfamily Appendix C.

Overfull \hbox (1.4718pt too wide) in paragraph at lines 11--12
[]\OT1/ptm/m/n/10.95 A ver-ti-cally po-lar-ized con-tin-u-ous He{Ne laser at $\
OT1/cmr/m/n/10.95 633[]$ \OT1/ptm/m/n/10.95 with $\OT1/cmr/m/n/10.95 5[]$ \OT1/
ptm/m/n/10.95 out-put power
 []

LaTeX Font Info:    Trying to load font information for OMS+cmtt on input line 
26.
LaTeX Font Info:    No file OMScmtt.fd. on input line 26.

LaTeX Font Warning: Font shape `OMS/cmtt/m/n' undefined
(Font)              using `OMS/cmsy/m/n' instead
(Font)              for symbol `textbraceleft' on input line 26.

[73

] [74]) (./chapters/appendCh4.tex [75]
\rmfamily Appendix D.
<figures/ap4/sequence/imgSequence.pdf, id=2487, 740.7675pt x 592.2125pt>
File: figures/ap4/sequence/imgSequence.pdf Graphic file (type pdf)
<use figures/ap4/sequence/imgSequence.pdf>
Package pdftex.def Info: figures/ap4/sequence/imgSequence.pdf  used on input li
ne 11.
(pdftex.def)             Requested size: 369.88582pt x 295.70792pt.
<figures/ap4/sequence/specSequence.pdf, id=2488, 740.7675pt x 592.2125pt>
File: figures/ap4/sequence/specSequence.pdf Graphic file (type pdf)
<use figures/ap4/sequence/specSequence.pdf>
Package pdftex.def Info: figures/ap4/sequence/specSequence.pdf  used on input l
ine 18.
(pdftex.def)             Requested size: 369.88582pt x 295.70792pt.
<figures/ap4/sequence/gatingSequence.pdf, id=2489, 740.7675pt x 592.2125pt>
File: figures/ap4/sequence/gatingSequence.pdf Graphic file (type pdf)
<use figures/ap4/sequence/gatingSequence.pdf>
Package pdftex.def Info: figures/ap4/sequence/gatingSequence.pdf  used on input
 line 25.
(pdftex.def)             Requested size: 369.88582pt x 295.70792pt.
) (./chapters/appendCh5.tex [76

 <./figures/ap4/sequence/imgSequence.pdf>]
[77 <./figures/ap4/sequence/specSequence.pdf>] [78 <./figures/ap4/sequence/gati
ngSequence.pdf>]
\rmfamily Appendix E.


pdfTeX warning: /Library/TeX/texbin/pdflatex (file ./figures/ap5/Fresnel/Fresne
l.pdf): PDF inclusion: found PDF version <1.7>, but at most version <1.5> allow
ed
<figures/ap5/Fresnel/Fresnel.pdf, id=2604, 569.24669pt x 569.24669pt>
File: figures/ap5/Fresnel/Fresnel.pdf Graphic file (type pdf)
<use figures/ap5/Fresnel/Fresnel.pdf>
Package pdftex.def Info: figures/ap5/Fresnel/Fresnel.pdf  used on input line 9.

(pdftex.def)             Requested size: 284.52756pt x 284.53578pt.
[79

 <./figures/ap5/Fresnel/Fresnel.pdf>]
<figures/ap5/pulse/energy.pdf, id=2626, 410.53375pt x 387.4475pt>
File: figures/ap5/pulse/energy.pdf Graphic file (type pdf)
<use figures/ap5/pulse/energy.pdf>
Package pdftex.def Info: figures/ap5/pulse/energy.pdf  used on input line 30.
(pdftex.def)             Requested size: 284.52756pt x 268.52736pt.
) (./chapters/appendCh6.tex [80]
[81 <./figures/ap5/pulse/energy.pdf>]
\rmfamily Appendix F.
[82

] [83]
<figures/ap6/recombination/continuum.pdf, id=2700, 569.12625pt x 362.35374pt>
File: figures/ap6/recombination/continuum.pdf Graphic file (type pdf)
<use figures/ap6/recombination/continuum.pdf>
Package pdftex.def Info: figures/ap6/recombination/continuum.pdf  used on input
 line 56.
(pdftex.def)             Requested size: 284.52756pt x 181.15984pt.


LaTeX Warning: No positions in optional float specifier.
               Default added (so using `tbp') on input line 61.

) (./chapters/appendCh7.tex [84 <./figures/ap6/recombination/continuum.pdf>]
[85]
\rmfamily Appendix G.
[86

]
Overfull \hbox (1.46078pt too wide) in paragraph at lines 15--16
[]\OT1/ptm/m/n/10.95 In the var-i-ous ap-plied stud-ies de-scribed above, mea-s
ur-ing the elec-tri-cal impedance
 []

[87]

pdfTeX warning: /Library/TeX/texbin/pdflatex (file ./figures/ap7/twoFreq/twoFre
q.pdf): PDF inclusion: found PDF version <1.7>, but at most version <1.5> allow
ed
<figures/ap7/twoFreq/twoFreq.pdf, id=2800, 569.24669pt x 426.8748pt>
File: figures/ap7/twoFreq/twoFreq.pdf Graphic file (type pdf)
<use figures/ap7/twoFreq/twoFreq.pdf>
Package pdftex.def Info: figures/ap7/twoFreq/twoFreq.pdf  used on input line 31
.
(pdftex.def)             Requested size: 284.52756pt x 213.37173pt.

LaTeX Warning: `!h' float specifier changed to `!ht'.

[88]) (./chapters/appendCh8.tex [89 <./figures/ap7/twoFreq/twoFreq.pdf>]
\rmfamily Appendix H.
<figures/logo/Mathematica_logo.png, id=2844, 2569.6pt x 2678.005pt>
File: figures/logo/Mathematica_logo.png Graphic file (type png)
<use figures/logo/Mathematica_logo.png>
Package pdftex.def Info: figures/logo/Mathematica_logo.png  used on input line 
8.
(pdftex.def)             Requested size: 11.48819pt x 12.0pt.


pdfTeX warning: /Library/TeX/texbin/pdflatex (file ./figures/logo/AffinityDesig
ner_logo.pdf): PDF inclusion: found PDF version <1.7>, but at most version <1.5
> allowed
<figures/logo/AffinityDesigner_logo.pdf, id=2846, 20.2356pt x 20.2356pt>
File: figures/logo/AffinityDesigner_logo.pdf Graphic file (type pdf)
<use figures/logo/AffinityDesigner_logo.pdf>
Package pdftex.def Info: figures/logo/AffinityDesigner_logo.pdf  used on input 
line 8.
(pdftex.def)             Requested size: 12.00002pt x 12.0pt.
) [90

 <./figures/logo/Mathematica_logo.png> <./figures/logo/AffinityDesigner_logo.pd
f>]
LaTeX Font Info:    Font shape `LUC/nanummj/b/n' in size <17.28> not available
(Font)              Font shape `LUC/nanummj/bx/n' tried instead on input line 1
50.
 (./endmatter/summary.tex
LaTeX Font Info:    Calculating math sizes for size <11> on input line 4.
 [91

] [92]) (./thesis.bbl [93] [94

] [95]
[96] [97] [98] [99] [100] [101] [102]) [103] (./endmatter/acknowledge.tex)
[104

] (./endmatter/cv.tex [105

]
Overfull \hbox (0.91615pt too wide) in paragraph at lines 32--33
\OT1/ptm/m/n/10.95 \Fostering the Next Gen-er-a-tion Re-searchers" by Na-tional
 Re-
 []


Underfull \hbox (badness 1264) detected at line 38
[]\OT1/cmss/m/n/10.95 1. []
 []


Underfull \hbox (badness 1264) detected at line 39
[]\OT1/cmss/m/n/10.95 2. []
 []


Underfull \hbox (badness 1264) detected at line 40
[]\OT1/cmss/m/n/10.95 3. []
 []


Underfull \hbox (badness 1264) detected at line 46
[]\OT1/cmss/m/n/10.95 1. []
 []


Underfull \hbox (badness 1264) detected at line 47
[]\OT1/cmss/m/n/10.95 2. []
 []

[106]
Underfull \hbox (badness 1264) detected at line 48
[]\OT1/cmss/m/n/10.95 3. []
 []


Underfull \hbox (badness 1264) detected at line 49
[]\OT1/cmss/m/n/10.95 4. []
 []


Underfull \hbox (badness 1264) detected at line 55
[]\OT1/cmss/m/n/10.95 1. []
 []


Underfull \hbox (badness 1264) detected at line 56
[]\OT1/cmss/m/n/10.95 2. []
 []


Underfull \hbox (badness 1264) detected at line 57
[]\OT1/cmss/m/n/10.95 3. []
 []


Underfull \hbox (badness 1264) detected at line 58
[]\OT1/cmss/m/n/10.95 4. []
 []

[107]
Underfull \hbox (badness 1264) detected at line 59
[]\OT1/cmss/m/n/10.95 5. []
 []


Overfull \hbox (8.90645pt too wide) in paragraph at lines 59--60
\OT1/ptm/m/n/10.95 mis-sion mi-crowave at-mo-spheric pres-sure plasma, \OT1/ptm
/m/it/10.95 2015 KPS Fall Meet-ing\OT1/ptm/m/n/10.95 , Geongju,
 []

) [108]pdfTeX warning (ext4): destination with the same identifier (name{page.1
08}) has been already used, duplicate ignored
<to be read again> 
                   \relax 
l.177 \end{document}
                     [108

] (./thesis.aux)

LaTeX Font Warning: Some font shapes were not available, defaults substituted.

Package rerunfilecheck Info: File `thesis.out' has not changed.
(rerunfilecheck)             Checksum: CA785DDDD2A07563E626E3D53C5929B6;6731.
 ) 
Here is how much of TeX's memory you used:
 16356 strings out of 478994
 254290 string characters out of 5858184
 703397 words of memory out of 5000000
 32951 multiletter control sequences out of 15000+600000
 469333 words of font info for 200 fonts, out of 8000000 for 9000
 1141 hyphenation exceptions out of 8191
 95i,18n,102p,1906b,857s stack positions out of 5000i,500n,10000p,200000b,80000s
{/usr/local/texlive/2021/texmf-dist/fonts/enc/dvips/base/8r.enc}</usr/local/t
exlive/2021/texmf-dist/fonts/type1/public/amsfonts/cm/cmbsy10.pfb></usr/local/t
exlive/2021/texmf-dist/fonts/type1/public/amsfonts/cm/cmex10.pfb></usr/local/te
xlive/2021/texmf-dist/fonts/type1/public/amsfonts/cmextra/cmex8.pfb></usr/local
/texlive/2021/texmf-dist/fonts/type1/public/amsfonts/cmextra/cmex9.pfb></usr/lo
cal/texlive/2021/texmf-dist/fonts/type1/public/amsfonts/cm/cmmi10.pfb></usr/loc
al/texlive/2021/texmf-dist/fonts/type1/public/amsfonts/cm/cmmi6.pfb></usr/local
/texlive/2021/texmf-dist/fonts/type1/public/amsfonts/cm/cmmi7.pfb></usr/local/t
exlive/2021/texmf-dist/fonts/type1/public/amsfonts/cm/cmmi8.pfb></usr/local/tex
live/2021/texmf-dist/fonts/type1/public/amsfonts/cm/cmmi9.pfb></usr/local/texli
ve/2021/texmf-dist/fonts/type1/public/amsfonts/cm/cmr10.pfb></usr/local/texlive
/2021/texmf-dist/fonts/type1/public/amsfonts/cm/cmr6.pfb></usr/local/texlive/20
21/texmf-dist/fonts/type1/public/amsfonts/cm/cmr7.pfb></usr/local/texlive/2021/
texmf-dist/fonts/type1/public/amsfonts/cm/cmr8.pfb></usr/local/texlive/2021/tex
mf-dist/fonts/type1/public/amsfonts/cm/cmr9.pfb></usr/local/texlive/2021/texmf-
dist/fonts/type1/public/amsfonts/cm/cmss10.pfb></usr/local/texlive/2021/texmf-d
ist/fonts/type1/public/amsfonts/cm/cmssbx10.pfb></usr/local/texlive/2021/texmf-
dist/fonts/type1/public/amsfonts/cm/cmsy10.pfb></usr/local/texlive/2021/texmf-d
ist/fonts/type1/public/amsfonts/cm/cmsy6.pfb></usr/local/texlive/2021/texmf-dis
t/fonts/type1/public/amsfonts/cm/cmsy7.pfb></usr/local/texlive/2021/texmf-dist/
fonts/type1/public/amsfonts/cm/cmsy8.pfb></usr/local/texlive/2021/texmf-dist/fo
nts/type1/public/amsfonts/cm/cmsy9.pfb></usr/local/texlive/2021/texmf-dist/font
s/type1/public/amsfonts/cm/cmtt10.pfb></usr/local/texlive/2021/texmf-dist/fonts
/type1/public/amsfonts/cm/cmtt8.pfb></usr/local/texlive/2021/texmf-dist/fonts/t
ype1/public/nanumtype1/nanummjbac.pfb></usr/local/texlive/2021/texmf-dist/fonts
/type1/public/nanumtype1/nanummjbae.pfb></usr/local/texlive/2021/texmf-dist/fon
ts/type1/public/nanumtype1/nanummjbbb.pfb></usr/local/texlive/2021/texmf-dist/f
onts/type1/public/nanumtype1/nanummjbc0.pfb></usr/local/texlive/2021/texmf-dist
/fonts/type1/public/nanumtype1/nanummjbc5.pfb></usr/local/texlive/2021/texmf-di
st/fonts/type1/public/nanumtype1/nanummjbc6.pfb></usr/local/texlive/2021/texmf-
dist/fonts/type1/public/nanumtype1/nanummjbc7.pfb></usr/local/texlive/2021/texm
f-dist/fonts/type1/public/nanumtype1/nanummjmac.pfb></usr/local/texlive/2021/te
xmf-dist/fonts/type1/public/nanumtype1/nanummjmad.pfb></usr/local/texlive/2021/
texmf-dist/fonts/type1/public/nanumtype1/nanummjmae.pfb></usr/local/texlive/202
1/texmf-dist/fonts/type1/public/nanumtype1/nanummjmb0.pfb></usr/local/texlive/2
021/texmf-dist/fonts/type1/public/nanumtype1/nanummjmb1.pfb></usr/local/texlive
/2021/texmf-dist/fonts/type1/public/nanumtype1/nanummjmb2.pfb></usr/local/texli
ve/2021/texmf-dist/fonts/type1/public/nanumtype1/nanummjmb3.pfb></usr/local/tex
live/2021/texmf-dist/fonts/type1/public/nanumtype1/nanummjmb4.pfb></usr/local/t
exlive/2021/texmf-dist/fonts/type1/public/nanumtype1/nanummjmb5.pfb></usr/local
/texlive/2021/texmf-dist/fonts/type1/public/nanumtype1/nanummjmb7.pfb></usr/loc
al/texlive/2021/texmf-dist/fonts/type1/public/nanumtype1/nanummjmb8.pfb></usr/l
ocal/texlive/2021/texmf-dist/fonts/type1/public/nanumtype1/nanummjmb9.pfb></usr
/local/texlive/2021/texmf-dist/fonts/type1/public/nanumtype1/nanummjmba.pfb></u
sr/local/texlive/2021/texmf-dist/fonts/type1/public/nanumtype1/nanummjmbb.pfb><
/usr/local/texlive/2021/texmf-dist/fonts/type1/public/nanumtype1/nanummjmbc.pfb
></usr/local/texlive/2021/texmf-dist/fonts/type1/public/nanumtype1/nanummjmbd.p
fb></usr/local/texlive/2021/texmf-dist/fonts/type1/public/nanumtype1/nanummjmbe
.pfb></usr/local/texlive/2021/texmf-dist/fonts/type1/public/nanumtype1/nanummjm
bf.pfb></usr/local/texlive/2021/texmf-dist/fonts/type1/public/nanumtype1/nanumm
jmc0.pfb></usr/local/texlive/2021/texmf-dist/fonts/type1/public/nanumtype1/nanu
mmjmc1.pfb></usr/local/texlive/2021/texmf-dist/fonts/type1/public/nanumtype1/na
nummjmc2.pfb></usr/local/texlive/2021/texmf-dist/fonts/type1/public/nanumtype1/
nanummjmc5.pfb></usr/local/texlive/2021/texmf-dist/fonts/type1/public/nanumtype
1/nanummjmc6.pfb></usr/local/texlive/2021/texmf-dist/fonts/type1/public/nanumty
pe1/nanummjmc7.pfb></usr/local/texlive/2021/texmf-dist/fonts/type1/public/nanum
type1/nanummjmc8.pfb></usr/local/texlive/2021/texmf-dist/fonts/type1/public/nan
umtype1/nanummjmc9.pfb></usr/local/texlive/2021/texmf-dist/fonts/type1/public/n
anumtype1/nanummjmcc.pfb></usr/local/texlive/2021/texmf-dist/fonts/type1/public
/nanumtype1/nanummjmcd.pfb></usr/local/texlive/2021/texmf-dist/fonts/type1/publ
ic/nanumtype1/nanummjmce.pfb></usr/local/texlive/2021/texmf-dist/fonts/type1/pu
blic/nanumtype1/nanummjmcf.pfb></usr/local/texlive/2021/texmf-dist/fonts/type1/
public/nanumtype1/nanummjmd0.pfb></usr/local/texlive/2021/texmf-dist/fonts/type
1/public/nanumtype1/nanummjmd1.pfb></usr/local/texlive/2021/texmf-dist/fonts/ty
pe1/public/nanumtype1/nanummjmd2.pfb></usr/local/texlive/2021/texmf-dist/fonts/
type1/public/nanumtype1/nanummjmd3.pfb></usr/local/texlive/2021/texmf-dist/font
s/type1/public/nanumtype1/nanummjmd4.pfb></usr/local/texlive/2021/texmf-dist/fo
nts/type1/public/nanumtype1/nanummjmd5.pfb></usr/local/texlive/2021/texmf-dist/
fonts/type1/public/nanumtype1/nanummjmd6.pfb></usr/local/texlive/2021/texmf-dis
t/fonts/type1/public/nanumtype1/nanummjmd7.pfb></usr/local/texlive/2021/texmf-d
ist/fonts/type1/uhc/umj/umj01.pfb></usr/local/texlive/2021/texmf-dist/fonts/typ
e1/urw/times/utmb8a.pfb></usr/local/texlive/2021/texmf-dist/fonts/type1/urw/tim
es/utmr8a.pfb></usr/local/texlive/2021/texmf-dist/fonts/type1/urw/times/utmri8a
.pfb>
Output written on thesis.pdf (117 pages, 10588234 bytes).
PDF statistics:
 3302 PDF objects out of 3580 (max. 8388607)
 2478 compressed objects within 25 object streams
 387 named destinations out of 1000 (max. 500000)
 503 words of extra memory for PDF output out of 10000 (max. 10000000)

