\BOOKMARK [0][-]{chapter.1}{\376\377\000I\000n\000t\000r\000o\000d\000u\000c\000t\000i\000o\000n\000\040}{}% 1
\BOOKMARK [0][-]{chapter.2}{\376\377\000Q\000u\000a\000s\000i\000-\000e\000q\000u\000i\000l\000i\000b\000r\000i\000u\000m\000\040\000p\000h\000a\000s\000e\000\040\000c\000o\000e\000x\000i\000s\000t\000i\000n\000g\000\040\000s\000u\000p\000e\000r\000c\000r\000i\000t\000i\000c\000a\000l\000\040\000f\000l\000u\000i\000d\000\040}{}% 2
\BOOKMARK [1][-]{section.2.1}{\376\377\000I\000n\000h\000o\000m\000o\000g\000e\000n\000e\000i\000t\000y\000\040\000i\000n\000\040\000s\000u\000p\000e\000r\000c\000r\000i\000t\000i\000c\000a\000l\000\040\000p\000h\000a\000s\000e}{chapter.2}% 3
\BOOKMARK [1][-]{section.2.2}{\376\377\000E\000x\000p\000e\000r\000i\000m\000e\000n\000t\000a\000l\000\040\000a\000p\000p\000a\000r\000a\000t\000u\000s\000\040\000a\000n\000d\000\040\000c\000o\000n\000d\000i\000t\000i\000o\000n\000s}{chapter.2}% 4
\BOOKMARK [1][-]{section.2.3}{\376\377\000F\000o\000r\000m\000a\000t\000i\000o\000n\000\040\000o\000f\000\040\000d\000r\000o\000p\000l\000e\000t\000s\000\040\000a\000n\000d\000\040\000c\000l\000u\000s\000t\000e\000r\000s}{chapter.2}% 5
\BOOKMARK [1][-]{section.2.4}{\376\377\000B\000r\000o\000w\000n\000i\000a\000n\000\040\000m\000o\000t\000i\000o\000n\000\040\000a\000n\000a\000l\000y\000s\000i\000s}{chapter.2}% 6
\BOOKMARK [1][-]{section.2.5}{\376\377\000M\000o\000d\000i\000f\000i\000e\000d\000\040\000e\000v\000a\000p\000o\000r\000a\000t\000i\000o\000n\000\040\000m\000o\000d\000e\000l}{chapter.2}% 7
\BOOKMARK [0][-]{chapter.3}{\376\377\000S\000t\000r\000o\000n\000g\000l\000y\000\040\000c\000o\000u\000p\000l\000e\000d\000\040\000p\000l\000a\000s\000m\000a\000\040}{}% 8
\BOOKMARK [1][-]{section.3.1}{\376\377\000P\000h\000y\000s\000i\000c\000a\000l\000\040\000r\000e\000g\000i\000m\000e\000s}{chapter.3}% 9
\BOOKMARK [1][-]{section.3.2}{\376\377\000E\000l\000e\000c\000t\000r\000o\000n\000-\000i\000o\000n\000\040\000c\000o\000l\000l\000i\000s\000i\000o\000n}{chapter.3}% 10
\BOOKMARK [1][-]{section.3.3}{\376\377\000E\000x\000p\000e\000r\000i\000m\000e\000n\000t\000a\000l\000\040\000i\000m\000p\000l\000e\000m\000e\000n\000t\000a\000t\000i\000o\000n\000s}{chapter.3}% 11
\BOOKMARK [0][-]{chapter.4}{\376\377\000C\000h\000a\000r\000g\000e\000\040\000a\000n\000d\000\040\000e\000n\000e\000r\000g\000y\000\040\000c\000o\000n\000f\000i\000n\000e\000m\000e\000n\000t\000\040}{}% 12
\BOOKMARK [1][-]{section.4.1}{\376\377\000E\000x\000p\000e\000r\000i\000m\000e\000n\000t\000a\000l\000\040\000a\000p\000p\000a\000r\000a\000t\000u\000s\000\040\000a\000n\000d\000\040\000c\000o\000n\000d\000i\000t\000i\000o\000n\000s}{chapter.4}% 13
\BOOKMARK [1][-]{section.4.2}{\376\377\000D\000i\000s\000c\000h\000a\000r\000g\000e\000\040\000C\000h\000a\000r\000a\000c\000t\000e\000r\000i\000s\000t\000i\000c\000s}{chapter.4}% 14
\BOOKMARK [1][-]{section.4.3}{\376\377\000P\000l\000a\000s\000m\000a\000\040\000p\000r\000o\000p\000e\000r\000t\000i\000e\000s}{chapter.4}% 15
\BOOKMARK [1][-]{section.4.4}{\376\377\000P\000o\000t\000e\000n\000t\000i\000a\000l\000\040\000l\000o\000w\000e\000r\000i\000n\000g}{chapter.4}% 16
\BOOKMARK [1][-]{section.4.5}{\376\377\000M\000e\000d\000i\000u\000m\000\040\000e\000f\000f\000e\000c\000t\000\040\000o\000n\000\040\000p\000l\000a\000s\000m\000a}{chapter.4}% 17
\BOOKMARK [0][-]{chapter.5}{\376\377\000C\000o\000n\000c\000l\000u\000s\000i\000o\000n\000\040}{}% 18
\BOOKMARK [0][-]{section*.1}{\376\377\000A\000p\000p\000e\000n\000d\000i\000c\000e\000s}{}% 19
\BOOKMARK [0][-]{Appendix.1.A}{\376\377\000C\000o\000n\000s\000t\000a\000n\000t\000s\000\040\000a\000n\000d\000\040\000p\000a\000r\000a\000m\000e\000t\000e\000r\000s\000\040}{}% 20
\BOOKMARK [0][-]{Appendix.1.B}{\376\377\000H\000i\000g\000h\000-\000p\000r\000e\000s\000s\000u\000r\000e\000\040\000c\000h\000a\000m\000b\000e\000r\000\040\000s\000y\000s\000t\000e\000m\000\040}{}% 21
\BOOKMARK [1][-]{section.1.B.1}{\376\377\000M\000o\000d\000u\000l\000a\000r\000i\000z\000e\000d\000\040\000s\000y\000s\000t\000e\000m}{Appendix.1.B}% 22
\BOOKMARK [1][-]{section.1.B.2}{\376\377\000C\000h\000a\000m\000b\000e\000r\000\040\000l\000e\000a\000k\000\040\000t\000e\000s\000t}{Appendix.1.B}% 23
\BOOKMARK [0][-]{Appendix.1.C}{\376\377\000D\000r\000o\000p\000l\000e\000t\000\040\000t\000r\000a\000c\000k\000i\000n\000g\000\040}{}% 24
\BOOKMARK [1][-]{section.1.C.1}{\376\377\000L\000a\000s\000e\000r\000\040\000s\000c\000a\000t\000t\000e\000r\000i\000n\000g}{Appendix.1.C}% 25
\BOOKMARK [1][-]{section.1.C.2}{\376\377\000P\000a\000r\000t\000i\000c\000l\000e\000\040\000t\000r\000a\000c\000k\000i\000n\000g\000\040\000c\000o\000d\000e}{Appendix.1.C}% 26
\BOOKMARK [0][-]{Appendix.1.D}{\376\377\000E\000x\000p\000e\000r\000i\000m\000e\000n\000t\000a\000l\000\040\000s\000e\000q\000u\000e\000n\000c\000e\000s\000\040}{}% 27
\BOOKMARK [0][-]{Appendix.1.E}{\376\377\000L\000a\000s\000e\000r\000\040\000p\000u\000l\000s\000e\000\040\000e\000n\000e\000r\000g\000y\000\040\000m\000e\000a\000s\000u\000r\000e\000m\000e\000n\000t\000\040}{}% 28
\BOOKMARK [0][-]{Appendix.1.F}{\376\377\000R\000e\000c\000o\000m\000b\000i\000n\000a\000t\000i\000o\000n\000\040\000c\000o\000n\000t\000i\000n\000u\000u\000m\000\040}{}% 29
\BOOKMARK [0][-]{Appendix.1.G}{\376\377\000E\000l\000e\000c\000t\000r\000i\000c\000a\000l\000\040\000i\000m\000p\000e\000d\000a\000n\000c\000e\000\040\000m\000e\000a\000s\000u\000r\000e\000m\000e\000n\000t\000\040}{}% 30
\BOOKMARK [1][-]{section.1.G.1}{\376\377\000A\000t\000m\000o\000s\000p\000h\000e\000r\000i\000c\000\040\000p\000r\000e\000s\000s\000u\000r\000e\000\040\000m\000i\000c\000r\000o\000w\000a\000v\000e\000\040\000p\000l\000a\000s\000m\000a}{Appendix.1.G}% 31
\BOOKMARK [1][-]{section.1.G.2}{\376\377\000T\000w\000o\000-\000f\000r\000e\000q\000u\000e\000n\000c\000y\000\040\000d\000i\000a\000g\000n\000o\000s\000t\000i\000c\000s}{Appendix.1.G}% 32
\BOOKMARK [0][-]{Appendix.1.H}{\376\377\000N\000u\000m\000e\000r\000i\000c\000s\000\040}{}% 33
\BOOKMARK [0][-]{section*.2}{\376\377\000S\000u\000m\000m\000a\000r\000y\000\040\000\050\000i\000n\000\040\000K\000o\000r\000e\000a\000n\000\051}{}% 34
\BOOKMARK [0][-]{section*.3}{\376\377\000R\000e\000f\000e\000r\000e\000n\000c\000e\000s\000\040}{}% 35
